Start testing: Nov 14 21:27 GMT
----------------------------------------------------------
1/1 Testing: test.cpp
1/1 Test: test.cpp
Command: "/Volumes/T7/Software Files/Git Projects/PS_Group11_Assignment1/build/GTest"
Directory: /Volumes/T7/Software Files/Git Projects/PS_Group11_Assignment1/build
"test.cpp" start time: Nov 14 21:27 GMT
Output:
----------------------------------------------------------
Usage: /Volumes/T7/Software Files/Git Projects/PS_Group11_Assignment1/build/GTest <Du> <Dv> <F> <k> <threshold>
Simulation initiated.
Simulation completed: P(v > threshold) = 0
<end of output>
Test time =  28.07 sec
----------------------------------------------------------
Test Passed.
"test.cpp" end time: Nov 14 21:28 GMT
"test.cpp" time elapsed: 00:00:28
----------------------------------------------------------

End testing: Nov 14 21:28 GMT
